<?xml version="1.0" encoding="UTF-8"?>
<!-- Generated by org.testng.reporters.JUnitReportReporter -->
<testsuite skipped="2" hostname="DESKTOP-1BCGUCT" name="com.j2store.UIAutomation.testcases.TC1_VerifyLoginPageDisplayed" tests="3" failures="0" timestamp="2021-05-07T08:47:56 IST" time="144.169" errors="0">
  <testcase name="verifyValidLogin" time="144.169" classname="com.j2store.UIAutomation.testcases.TC1_VerifyLoginPageDisplayed"/>
  <system-out/>
  <testcase name="verifyHomePage" classname="com.j2store.UIAutomation.testcases.TC1_VerifyLoginPageDisplayed">
    <skipped/>
  </testcase> <!-- verifyHomePage -->
  <system-out/>
  <testcase name="verifyLoginPage" classname="com.j2store.UIAutomation.testcases.TC1_VerifyLoginPageDisplayed">
    <skipped/>
  </testcase> <!-- verifyLoginPage -->
  <system-out/>
</testsuite> <!-- com.j2store.UIAutomation.testcases.TC1_VerifyLoginPageDisplayed -->
